<?xml version="1.0" encoding="UTF-8"?>
<testsuite xmlns:xsi="http://www.w3.org/2001/XMLSchema-instance" xsi:noNamespaceSchemaLocation="https://maven.apache.org/surefire/maven-surefire-plugin/xsd/surefire-test-report-3.0.xsd" version="3.0" name="edu.eci.cvds.TaskManager.service.TestService" time="3.188" tests="5" errors="0" skipped="0" failures="0">
  <properties>
[...]
</properties>
  <testcase name="testCreateTask_Nice" classname="edu.eci.cvds.TaskManager.service.TestService" time="1.601">
    <system-out><![CDATA[2024-10-23T22:25:57.830-05:00  INFO 25228 --- [TaskManager] [           main] t.c.s.AnnotationConfigContextLoaderUtils : Could not detect default configuration classes for test class [edu.eci.cvds.TaskManager.service.TestService]: TestService does not declare any static, non-private, non-final, nested classes annotated with @Configuration.
2024-10-23T22:25:57.883-05:00  INFO 25228 --- [TaskManager] [           main] .b.t.c.SpringBootTestContextBootstrapper : Found @SpringBootConfiguration edu.eci.cvds.TaskManager.TaskManagerApplication for test class edu.eci.cvds.TaskManager.service.TestService
]]></system-out>
  </testcase>
  <testcase name="testConsultTaskById_Nice" classname="edu.eci.cvds.TaskManager.service.TestService" time="0.332"/>
  <testcase name="testDeleteAndConsult" classname="edu.eci.cvds.TaskManager.service.TestService" time="0.554"/>
  <testcase name="testGetTask_NotExist" classname="edu.eci.cvds.TaskManager.service.TestService" time="0.126"/>
  <testcase name="testDeleteTask_Nice" classname="edu.eci.cvds.TaskManager.service.TestService" time="0.468"/>
</testsuite>