<?xml version="1.0" encoding="UTF-8"?>
<testsuite xmlns:xsi="http://www.w3.org/2001/XMLSchema-instance" xsi:noNamespaceSchemaLocation="https://maven.apache.org/surefire/maven-surefire-plugin/xsd/surefire-test-report-3.0.xsd" version="3.0" name="edu.eci.cvds.TaskManager.model.TaskTest" time="20.592" tests="5" errors="0" skipped="0" failures="0">
  <properties>
[...]
</properties>
  <testcase name="testSetDescription" classname="edu.eci.cvds.TaskManager.model.TaskTest" time="3.754">
    <system-out><![CDATA[22:25:38.280 [main] INFO org.springframework.test.context.support.AnnotationConfigContextLoaderUtils -- Could not detect default configuration classes for test class [edu.eci.cvds.TaskManager.model.TaskTest]: TaskTest does not declare any static, non-private, non-final, nested classes annotated with @Configuration.
22:25:38.941 [main] INFO org.springframework.boot.test.context.SpringBootTestContextBootstrapper -- Found @SpringBootConfiguration edu.eci.cvds.TaskManager.TaskManagerApplication for test class edu.eci.cvds.TaskManager.model.TaskTest

  .   ____          _            __ _ _
 /\\ / ___'_ __ _ _(_)_ __  __ _ \ \ \ \
( ( )\___ | '_ | '_| | '_ \/ _` | \ \ \ \
 \\/  ___)| |_)| | | | | || (_| |  ) ) ) )
  '  |____| .__|_| |_|_| |_\__, | / / / /
 =========|_|==============|___/=/_/_/_/

 :: Spring Boot ::                (v3.3.4)

2024-10-23T22:25:41.898-05:00  INFO 25228 --- [TaskManager] [           main] e.eci.cvds.TaskManager.model.TaskTest    : Starting TaskTest using Java 22.0.2 with PID 25228 (started by Sofia Guerra in C:\Users\santi\CVDS\Lab06-CVDS202402\NuevoBack\Back-Barrera)
2024-10-23T22:25:41.904-05:00  INFO 25228 --- [TaskManager] [           main] e.eci.cvds.TaskManager.model.TaskTest    : No active profile set, falling back to 1 default profile: "default"
2024-10-23T22:25:44.558-05:00  INFO 25228 --- [TaskManager] [           main] .s.d.r.c.RepositoryConfigurationDelegate : Bootstrapping Spring Data MongoDB repositories in DEFAULT mode.
2024-10-23T22:25:44.821-05:00  INFO 25228 --- [TaskManager] [           main] .s.d.r.c.RepositoryConfigurationDelegate : Finished Spring Data repository scanning in 243 ms. Found 2 MongoDB repository interfaces.
2024-10-23T22:25:48.570-05:00  INFO 25228 --- [TaskManager] [dnz.mongodb.net] org.mongodb.driver.cluster               : Adding discovered server cluster0-shard-00-02.sddnz.mongodb.net:27017 to client view of cluster
2024-10-23T22:25:48.599-05:00  INFO 25228 --- [TaskManager] [           main] org.mongodb.driver.client                : MongoClient with metadata {"application": {"name": "Cluster0"}, "driver": {"name": "mongo-java-driver|sync|spring-boot", "version": "5.0.1"}, "os": {"type": "Windows", "name": "Windows 11", "architecture": "amd64", "version": "10.0"}, "platform": "Java/Oracle Corporation/22.0.2+9-70"} created with settings MongoClientSettings{readPreference=primary, writeConcern=WriteConcern{w=majority, wTimeout=null ms, journal=null}, retryWrites=true, retryReads=true, readConcern=ReadConcern{level=null}, credential=MongoCredential{mechanism=null, userName='reco1234', source='admin', password=<hidden>, mechanismProperties=<hidden>}, transportSettings=null, commandListeners=[], codecRegistry=ProvidersCodecRegistry{codecProviders=[ValueCodecProvider{}, BsonValueCodecProvider{}, DBRefCodecProvider{}, DBObjectCodecProvider{}, DocumentCodecProvider{}, CollectionCodecProvider{}, IterableCodecProvider{}, MapCodecProvider{}, GeoJsonCodecProvider{}, GridFSFileCodecProvider{}, Jsr310CodecProvider{}, JsonObjectCodecProvider{}, BsonCodecProvider{}, EnumCodecProvider{}, com.mongodb.client.model.mql.ExpressionCodecProvider@197da701, com.mongodb.Jep395RecordCodecProvider@35fd03d9, com.mongodb.KotlinCodecProvider@77737e3e]}, loggerSettings=LoggerSettings{maxDocumentLength=1000}, clusterSettings={hosts=[127.0.0.1:27017], srvHost=cluster0.sddnz.mongodb.net, srvServiceName=mongodb, mode=MULTIPLE, requiredClusterType=REPLICA_SET, requiredReplicaSetName='atlas-6txe8r-shard-0', serverSelector='null', clusterListeners='[]', serverSelectionTimeout='30000 ms', localThreshold='15 ms'}, socketSettings=SocketSettings{connectTimeoutMS=10000, readTimeoutMS=0, receiveBufferSize=0, proxySettings=ProxySettings{host=null, port=null, username=null, password=null}}, heartbeatSocketSettings=SocketSettings{connectTimeoutMS=10000, readTimeoutMS=10000, receiveBufferSize=0, proxySettings=ProxySettings{host=null, port=null, username=null, password=null}}, connectionPoolSettings=ConnectionPoolSettings{maxSize=100, minSize=0, maxWaitTimeMS=120000, maxConnectionLifeTimeMS=0, maxConnectionIdleTimeMS=0, maintenanceInitialDelayMS=0, maintenanceFrequencyMS=60000, connectionPoolListeners=[], maxConnecting=2}, serverSettings=ServerSettings{heartbeatFrequencyMS=10000, minHeartbeatFrequencyMS=500, serverListeners='[]', serverMonitorListeners='[]'}, sslSettings=SslSettings{enabled=true, invalidHostNameAllowed=false, context=null}, applicationName='Cluster0', compressorList=[], uuidRepresentation=JAVA_LEGACY, serverApi=null, autoEncryptionSettings=null, dnsClient=null, inetAddressResolver=null, contextProvider=null}
2024-10-23T22:25:48.682-05:00  INFO 25228 --- [TaskManager] [dnz.mongodb.net] org.mongodb.driver.cluster               : Adding discovered server cluster0-shard-00-01.sddnz.mongodb.net:27017 to client view of cluster
2024-10-23T22:25:48.700-05:00  INFO 25228 --- [TaskManager] [dnz.mongodb.net] org.mongodb.driver.cluster               : Adding discovered server cluster0-shard-00-00.sddnz.mongodb.net:27017 to client view of cluster
2024-10-23T22:25:50.840-05:00  INFO 25228 --- [TaskManager] [ngodb.net:27017] org.mongodb.driver.cluster               : Monitor thread successfully connected to server with description ServerDescription{address=cluster0-shard-00-00.sddnz.mongodb.net:27017, type=REPLICA_SET_SECONDARY, state=CONNECTED, ok=true, minWireVersion=0, maxWireVersion=21, maxDocumentSize=16777216, logicalSessionTimeoutMinutes=30, roundTripTimeNanos=1363936600, setName='atlas-6txe8r-shard-0', canonicalAddress=cluster0-shard-00-00.sddnz.mongodb.net:27017, hosts=[cluster0-shard-00-02.sddnz.mongodb.net:27017, cluster0-shard-00-00.sddnz.mongodb.net:27017, cluster0-shard-00-01.sddnz.mongodb.net:27017], passives=[], arbiters=[], primary='cluster0-shard-00-01.sddnz.mongodb.net:27017', tagSet=TagSet{[Tag{name='availabilityZone', value='use1-az6'}, Tag{name='diskState', value='READY'}, Tag{name='nodeType', value='ELECTABLE'}, Tag{name='provider', value='AWS'}, Tag{name='region', value='US_EAST_1'}, Tag{name='workloadType', value='OPERATIONAL'}]}, electionId=null, setVersion=87, topologyVersion=TopologyVersion{processId=671805d660602fe2b939eb02, counter=4}, lastWriteDate=Wed Oct 23 22:25:50 COT 2024, lastUpdateTimeNanos=9896711937400}
2024-10-23T22:25:50.840-05:00  INFO 25228 --- [TaskManager] [ngodb.net:27017] org.mongodb.driver.cluster               : Monitor thread successfully connected to server with description ServerDescription{address=cluster0-shard-00-02.sddnz.mongodb.net:27017, type=REPLICA_SET_SECONDARY, state=CONNECTED, ok=true, minWireVersion=0, maxWireVersion=21, maxDocumentSize=16777216, logicalSessionTimeoutMinutes=30, roundTripTimeNanos=1369978800, setName='atlas-6txe8r-shard-0', canonicalAddress=cluster0-shard-00-02.sddnz.mongodb.net:27017, hosts=[cluster0-shard-00-02.sddnz.mongodb.net:27017, cluster0-shard-00-00.sddnz.mongodb.net:27017, cluster0-shard-00-01.sddnz.mongodb.net:27017], passives=[], arbiters=[], primary='cluster0-shard-00-01.sddnz.mongodb.net:27017', tagSet=TagSet{[Tag{name='availabilityZone', value='use1-az2'}, Tag{name='diskState', value='READY'}, Tag{name='nodeType', value='ELECTABLE'}, Tag{name='provider', value='AWS'}, Tag{name='region', value='US_EAST_1'}, Tag{name='workloadType', value='OPERATIONAL'}]}, electionId=null, setVersion=87, topologyVersion=TopologyVersion{processId=67180731f0e52b7313d0edce, counter=3}, lastWriteDate=Wed Oct 23 22:25:50 COT 2024, lastUpdateTimeNanos=9896711620800}
2024-10-23T22:25:50.840-05:00  INFO 25228 --- [TaskManager] [ngodb.net:27017] org.mongodb.driver.cluster               : Monitor thread successfully connected to server with description ServerDescription{address=cluster0-shard-00-01.sddnz.mongodb.net:27017, type=REPLICA_SET_PRIMARY, state=CONNECTED, ok=true, minWireVersion=0, maxWireVersion=21, maxDocumentSize=16777216, logicalSessionTimeoutMinutes=30, roundTripTimeNanos=1370698000, setName='atlas-6txe8r-shard-0', canonicalAddress=cluster0-shard-00-01.sddnz.mongodb.net:27017, hosts=[cluster0-shard-00-02.sddnz.mongodb.net:27017, cluster0-shard-00-00.sddnz.mongodb.net:27017, cluster0-shard-00-01.sddnz.mongodb.net:27017], passives=[], arbiters=[], primary='cluster0-shard-00-01.sddnz.mongodb.net:27017', tagSet=TagSet{[Tag{name='availabilityZone', value='use1-az1'}, Tag{name='diskState', value='READY'}, Tag{name='nodeType', value='ELECTABLE'}, Tag{name='provider', value='AWS'}, Tag{name='region', value='US_EAST_1'}, Tag{name='workloadType', value='OPERATIONAL'}]}, electionId=7fffffff00000000000001ab, setVersion=87, topologyVersion=TopologyVersion{processId=671804c40d2b563a951f14e3, counter=6}, lastWriteDate=Wed Oct 23 22:25:50 COT 2024, lastUpdateTimeNanos=9896712306000}
2024-10-23T22:25:50.878-05:00  INFO 25228 --- [TaskManager] [ngodb.net:27017] org.mongodb.driver.cluster               : Discovered replica set primary cluster0-shard-00-01.sddnz.mongodb.net:27017 with max election id 7fffffff00000000000001ab and max set version 87
2024-10-23T22:25:51.035-05:00  WARN 25228 --- [TaskManager] [           main] r$InitializeUserDetailsManagerConfigurer : Found 2 UserDetailsService beans, with names [userDetailServiceImpl, userService]. Global Authentication Manager will not use a UserDetailsService for username/password login. Consider publishing a single UserDetailsService bean.
2024-10-23T22:25:53.635-05:00  WARN 25228 --- [TaskManager] [           main] ion$DefaultTemplateResolverConfiguration : Cannot find template location: classpath:/templates/ (please add some templates, check your Thymeleaf configuration, or set spring.thymeleaf.check-template-location=false)
2024-10-23T22:25:53.910-05:00  INFO 25228 --- [TaskManager] [           main] e.eci.cvds.TaskManager.model.TaskTest    : Started TaskTest in 13.996 seconds (process running for 20.004)
]]></system-out>
    <system-err><![CDATA[WARNING: A Java agent has been loaded dynamically (C:\Users\santi\.m2\repository\net\bytebuddy\byte-buddy-agent\1.14.19\byte-buddy-agent-1.14.19.jar)
WARNING: If a serviceability tool is in use, please run with -XX:+EnableDynamicAgentLoading to hide this warning
WARNING: If a serviceability tool is not in use, please run with -Djdk.instrument.traceUsage for more information
WARNING: Dynamic loading of agents will be disallowed by default in a future release
]]></system-err>
  </testcase>
  <testcase name="testSettersAndGetters" classname="edu.eci.cvds.TaskManager.model.TaskTest" time="0.021"/>
  <testcase name="testConstructorWithoutDescription" classname="edu.eci.cvds.TaskManager.model.TaskTest" time="0.012"/>
  <testcase name="testConstructorWithDescription" classname="edu.eci.cvds.TaskManager.model.TaskTest" time="0.012"/>
  <testcase name="testSetCompleted" classname="edu.eci.cvds.TaskManager.model.TaskTest" time="0.009"/>
</testsuite>