<?xml version="1.0" encoding="UTF-8"?>
<testsuite xmlns:xsi="http://www.w3.org/2001/XMLSchema-instance" xsi:noNamespaceSchemaLocation="https://maven.apache.org/surefire/maven-surefire-plugin/xsd/surefire-test-report-3.0.xsd" version="3.0" name="edu.eci.cvds.TaskManager.TaskManagerApplicationTests" time="0.031" tests="1" errors="0" skipped="0" failures="0">
  <properties>
[...]
</properties>
  <testcase name="contextLoads" classname="edu.eci.cvds.TaskManager.TaskManagerApplicationTests" time="0.015">
    <system-out><![CDATA[2024-10-03T15:34:53.588-05:00  INFO 13584 --- [TaskManager] [           main] t.c.s.AnnotationConfigContextLoaderUtils : Could not detect default configuration classes for test class [edu.eci.cvds.TaskManager.TaskManagerApplicationTests]: TaskManagerApplicationTests does not declare any static, non-private, non-final, nested classes annotated with @Configuration.
2024-10-03T15:34:53.604-05:00  INFO 13584 --- [TaskManager] [           main] .b.t.c.SpringBootTestContextBootstrapper : Found @SpringBootConfiguration edu.eci.cvds.TaskManager.TaskManagerApplication for test class edu.eci.cvds.TaskManager.TaskManagerApplicationTests
]]></system-out>
  </testcase>
</testsuite>