<?xml version="1.0" encoding="UTF-8"?>
<testsuite xmlns:xsi="http://www.w3.org/2001/XMLSchema-instance" xsi:noNamespaceSchemaLocation="https://maven.apache.org/surefire/maven-surefire-plugin/xsd/surefire-test-report-3.0.xsd" version="3.0" name="edu.eci.cvds.TaskManager.TaskManagerApplicationTests" time="5.747" tests="1" errors="0" skipped="0" failures="0">
  <properties>
[...]
</properties>
  <testcase name="contextLoads" classname="edu.eci.cvds.TaskManager.TaskManagerApplicationTests" time="1.254">
    <system-out><![CDATA[09:12:45.573 [main] INFO org.springframework.test.context.support.AnnotationConfigContextLoaderUtils -- Could not detect default configuration classes for test class [edu.eci.cvds.TaskManager.TaskManagerApplicationTests]: TaskManagerApplicationTests does not declare any static, non-private, non-final, nested classes annotated with @Configuration.
09:12:45.794 [main] INFO org.springframework.boot.test.context.SpringBootTestContextBootstrapper -- Found @SpringBootConfiguration edu.eci.cvds.TaskManager.TaskManagerApplication for test class edu.eci.cvds.TaskManager.TaskManagerApplicationTests

  .   ____          _            __ _ _
 /\\ / ___'_ __ _ _(_)_ __  __ _ \ \ \ \
( ( )\___ | '_ | '_| | '_ \/ _` | \ \ \ \
 \\/  ___)| |_)| | | | | || (_| |  ) ) ) )
  '  |____| .__|_| |_|_| |_\__, | / / / /
 =========|_|==============|___/=/_/_/_/

 :: Spring Boot ::                (v3.3.4)

2024-09-25T09:12:46.567-05:00  INFO 2508 --- [TaskManager] [           main] e.e.c.T.TaskManagerApplicationTests      : Starting TaskManagerApplicationTests using Java 21.0.2 with PID 2508 (started by manuel.barrera in E:\Back)
2024-09-25T09:12:46.570-05:00  INFO 2508 --- [TaskManager] [           main] e.e.c.T.TaskManagerApplicationTests      : No active profile set, falling back to 1 default profile: "default"
2024-09-25T09:12:47.272-05:00  INFO 2508 --- [TaskManager] [           main] .s.d.r.c.RepositoryConfigurationDelegate : Bootstrapping Spring Data MongoDB repositories in DEFAULT mode.
2024-09-25T09:12:47.344-05:00  INFO 2508 --- [TaskManager] [           main] .s.d.r.c.RepositoryConfigurationDelegate : Finished Spring Data repository scanning in 63 ms. Found 1 MongoDB repository interface.
2024-09-25T09:12:48.362-05:00  INFO 2508 --- [TaskManager] [           main] org.mongodb.driver.client                : MongoClient with metadata {"application": {"name": "Cluster0"}, "driver": {"name": "mongo-java-driver|sync|spring-boot", "version": "5.0.1"}, "os": {"type": "Windows", "name": "Windows 11", "architecture": "amd64", "version": "10.0"}, "platform": "Java/Oracle Corporation/21.0.2+13-LTS-58"} created with settings MongoClientSettings{readPreference=primary, writeConcern=WriteConcern{w=majority, wTimeout=null ms, journal=null}, retryWrites=true, retryReads=true, readConcern=ReadConcern{level=null}, credential=MongoCredential{mechanism=null, userName='reco1234', source='admin', password=<hidden>, mechanismProperties=<hidden>}, transportSettings=null, commandListeners=[], codecRegistry=ProvidersCodecRegistry{codecProviders=[ValueCodecProvider{}, BsonValueCodecProvider{}, DBRefCodecProvider{}, DBObjectCodecProvider{}, DocumentCodecProvider{}, CollectionCodecProvider{}, IterableCodecProvider{}, MapCodecProvider{}, GeoJsonCodecProvider{}, GridFSFileCodecProvider{}, Jsr310CodecProvider{}, JsonObjectCodecProvider{}, BsonCodecProvider{}, EnumCodecProvider{}, com.mongodb.client.model.mql.ExpressionCodecProvider@6d387e9b, com.mongodb.Jep395RecordCodecProvider@304704ae, com.mongodb.KotlinCodecProvider@2c7607e5]}, loggerSettings=LoggerSettings{maxDocumentLength=1000}, clusterSettings={hosts=[127.0.0.1:27017], srvHost=cluster0.sddnz.mongodb.net, srvServiceName=mongodb, mode=MULTIPLE, requiredClusterType=REPLICA_SET, requiredReplicaSetName='atlas-6txe8r-shard-0', serverSelector='null', clusterListeners='[]', serverSelectionTimeout='30000 ms', localThreshold='15 ms'}, socketSettings=SocketSettings{connectTimeoutMS=10000, readTimeoutMS=0, receiveBufferSize=0, proxySettings=ProxySettings{host=null, port=null, username=null, password=null}}, heartbeatSocketSettings=SocketSettings{connectTimeoutMS=10000, readTimeoutMS=10000, receiveBufferSize=0, proxySettings=ProxySettings{host=null, port=null, username=null, password=null}}, connectionPoolSettings=ConnectionPoolSettings{maxSize=100, minSize=0, maxWaitTimeMS=120000, maxConnectionLifeTimeMS=0, maxConnectionIdleTimeMS=0, maintenanceInitialDelayMS=0, maintenanceFrequencyMS=60000, connectionPoolListeners=[], maxConnecting=2}, serverSettings=ServerSettings{heartbeatFrequencyMS=10000, minHeartbeatFrequencyMS=500, serverListeners='[]', serverMonitorListeners='[]'}, sslSettings=SslSettings{enabled=true, invalidHostNameAllowed=false, context=null}, applicationName='Cluster0', compressorList=[], uuidRepresentation=JAVA_LEGACY, serverApi=null, autoEncryptionSettings=null, dnsClient=null, inetAddressResolver=null, contextProvider=null}
2024-09-25T09:12:48.663-05:00  INFO 2508 --- [TaskManager] [dnz.mongodb.net] org.mongodb.driver.cluster               : Adding discovered server cluster0-shard-00-02.sddnz.mongodb.net:27017 to client view of cluster
2024-09-25T09:12:48.710-05:00  INFO 2508 --- [TaskManager] [dnz.mongodb.net] org.mongodb.driver.cluster               : Adding discovered server cluster0-shard-00-01.sddnz.mongodb.net:27017 to client view of cluster
2024-09-25T09:12:48.717-05:00  INFO 2508 --- [TaskManager] [dnz.mongodb.net] org.mongodb.driver.cluster               : Adding discovered server cluster0-shard-00-00.sddnz.mongodb.net:27017 to client view of cluster
2024-09-25T09:12:49.675-05:00  INFO 2508 --- [TaskManager] [           main] e.e.c.T.TaskManagerApplicationTests      : Started TaskManagerApplicationTests in 3.568 seconds (process running for 5.57)
2024-09-25T09:12:50.156-05:00  INFO 2508 --- [TaskManager] [ngodb.net:27017] org.mongodb.driver.cluster               : Monitor thread successfully connected to server with description ServerDescription{address=cluster0-shard-00-01.sddnz.mongodb.net:27017, type=REPLICA_SET_PRIMARY, state=CONNECTED, ok=true, minWireVersion=0, maxWireVersion=21, maxDocumentSize=16777216, logicalSessionTimeoutMinutes=30, roundTripTimeNanos=1131895700, setName='atlas-6txe8r-shard-0', canonicalAddress=cluster0-shard-00-01.sddnz.mongodb.net:27017, hosts=[cluster0-shard-00-02.sddnz.mongodb.net:27017, cluster0-shard-00-00.sddnz.mongodb.net:27017, cluster0-shard-00-01.sddnz.mongodb.net:27017], passives=[], arbiters=[], primary='cluster0-shard-00-01.sddnz.mongodb.net:27017', tagSet=TagSet{[Tag{name='availabilityZone', value='use1-az1'}, Tag{name='diskState', value='READY'}, Tag{name='nodeType', value='ELECTABLE'}, Tag{name='provider', value='AWS'}, Tag{name='region', value='US_EAST_1'}, Tag{name='workloadType', value='OPERATIONAL'}]}, electionId=7fffffff00000000000001a5, setVersion=81, topologyVersion=TopologyVersion{processId=66f24605e3b4d887791648c4, counter=6}, lastWriteDate=Wed Sep 25 09:12:50 COT 2024, lastUpdateTimeNanos=11554698333400}
2024-09-25T09:12:50.156-05:00  INFO 2508 --- [TaskManager] [ngodb.net:27017] org.mongodb.driver.cluster               : Monitor thread successfully connected to server with description ServerDescription{address=cluster0-shard-00-00.sddnz.mongodb.net:27017, type=REPLICA_SET_SECONDARY, state=CONNECTED, ok=true, minWireVersion=0, maxWireVersion=21, maxDocumentSize=16777216, logicalSessionTimeoutMinutes=30, roundTripTimeNanos=1124183700, setName='atlas-6txe8r-shard-0', canonicalAddress=cluster0-shard-00-00.sddnz.mongodb.net:27017, hosts=[cluster0-shard-00-02.sddnz.mongodb.net:27017, cluster0-shard-00-00.sddnz.mongodb.net:27017, cluster0-shard-00-01.sddnz.mongodb.net:27017], passives=[], arbiters=[], primary='cluster0-shard-00-01.sddnz.mongodb.net:27017', tagSet=TagSet{[Tag{name='availabilityZone', value='use1-az6'}, Tag{name='diskState', value='READY'}, Tag{name='nodeType', value='ELECTABLE'}, Tag{name='provider', value='AWS'}, Tag{name='region', value='US_EAST_1'}, Tag{name='workloadType', value='OPERATIONAL'}]}, electionId=null, setVersion=81, topologyVersion=TopologyVersion{processId=66f2471f1d5ed34a57999f79, counter=4}, lastWriteDate=Wed Sep 25 09:12:50 COT 2024, lastUpdateTimeNanos=11554698333400}
2024-09-25T09:12:50.163-05:00  INFO 2508 --- [TaskManager] [ngodb.net:27017] org.mongodb.driver.cluster               : Discovered replica set primary cluster0-shard-00-01.sddnz.mongodb.net:27017 with max election id 7fffffff00000000000001a5 and max set version 81
]]></system-out>
    <system-err><![CDATA[WARNING: A Java agent has been loaded dynamically (C:\Users\manuel.barrera.LABINFO\.m2\repository\net\bytebuddy\byte-buddy-agent\1.14.19\byte-buddy-agent-1.14.19.jar)
WARNING: If a serviceability tool is in use, please run with -XX:+EnableDynamicAgentLoading to hide this warning
WARNING: If a serviceability tool is not in use, please run with -Djdk.instrument.traceUsage for more information
WARNING: Dynamic loading of agents will be disallowed by default in a future release
]]></system-err>
  </testcase>
</testsuite>